2017-12-21 22:37:58 INFO  TelegramBot:65 - 1) Bitcoin  0.017802 277.1184$
2) Ripple  658.50005 754.7003$
3) Litecoin  2.0 613.608$
4) IOTA  20.0 101.3878$
5) Cardano  299.5 138.8299$
6) Bitcoin Gold  0.53775837 210.5055$
7) Stellar  1111.887 276.2372$
8) Ethereum Classic  1.998 83.9993$
9) TRON  4295.7 181.532$
10) Verge  1998.0 240.5172$
11) BitShares  498.75 299.9113$
12) Bytecoin  19950.0 117.6886$
13) Dogecoin  19950.0 144.9441$
14) Siacoin  2994.5 70.4552$
15) Status  999.0 171.4394$
16) DigiByte  1346.625 63.4165$
17) FunFair  1988.0 114.381$
18) Streamr DATAcoin  2062.8 489.0919$
19) Time New Bank  999.0 112.0468$
20) YOYOW  99.8 41.5658$
21) Po.et  1361.637 51.8251$
22) Tierion  499.5 67.0579$

 total price 4622.2594$
2017-12-21 22:38:26 INFO  TelegramBot:65 - 1) Bitcoin  0.017802 277.1184$
2) Ripple  658.50005 754.7003$
3) Litecoin  2.0 613.608$
4) IOTA  20.0 101.3878$
5) Cardano  299.5 138.8299$
6) Bitcoin Gold  0.53775837 210.5055$
7) Stellar  1111.887 276.2372$
8) Ethereum Classic  1.998 83.9993$
9) TRON  4295.7 181.532$
10) Verge  1998.0 240.5172$
11) BitShares  498.75 299.9113$
12) Bytecoin  19950.0 117.6886$
13) Dogecoin  19950.0 144.9441$
14) Siacoin  2994.5 70.4552$
15) Status  999.0 171.4394$
16) DigiByte  1346.625 63.4165$
17) FunFair  1988.0 114.381$
18) Streamr DATAcoin  2062.8 489.0919$
19) Time New Bank  999.0 112.0468$
20) YOYOW  99.8 41.5658$
21) Po.et  1361.637 51.8251$
22) Tierion  499.5 67.0579$

 total price 4622.2594$
2017-12-26 15:02:21 INFO  TelegramBot:125 - 1) Ripple  658.50005 734.8465$
2) Cardano  299.5 124.055$
3) IOTA  20.0 72.0072$
4) Stellar  1111.887 246.8367$
5) Ethereum Classic  1.998 64.6001$
6) TRON  4296.0 157.4011$
7) Verge  3831.0 635.6932$
8) BitShares  498.75 282.3628$
9) Bytecoin  44189.0 276.7508$
10) Dogecoin  19950.0 181.8419$
11) Siacoin  2994.5 88.0431$
12) DigiByte  10732.0 665.4377$
13) Status  999.0 136.888$
14) ReddCoin  17400.0 232.417$
15) FunFair  5994.0 335.1839$
16) Time New Bank  1772.0 164.3068$
17) Streamr DATAcoin  2062.8 447.7472$
18) YOYOW  376.8 114.271$
19) Tierion  499.5 74.6967$
20) Po.et  1361.637 39.6447$

 total price 5075.0315$
2017-12-26 15:02:49 INFO  TelegramBot:125 - 1) Ripple  658.50005 734.8465$
2) Cardano  299.5 124.055$
3) IOTA  20.0 72.0072$
4) Stellar  1111.887 246.8367$
5) Ethereum Classic  1.998 64.6001$
6) TRON  4296.0 157.4011$
7) Verge  3831.0 635.6932$
8) BitShares  498.75 282.3628$
9) Bytecoin  44189.0 276.7508$
10) Dogecoin  19950.0 181.8419$
11) Siacoin  2994.5 88.0431$
12) DigiByte  10732.0 665.4377$
13) Status  999.0 136.888$
14) ReddCoin  17400.0 232.417$
15) FunFair  5994.0 335.1839$
16) Time New Bank  1772.0 164.3068$
17) Streamr DATAcoin  2062.8 447.7472$
18) YOYOW  376.8 114.271$
19) Tierion  499.5 74.6967$
20) Po.et  1361.637 39.6447$

 total price 5075.0315$
2017-12-26 15:09:48 INFO  TelegramBot:117 - 1) Ripple  658.50005 734.188$
2) Cardano  299.5 123.6282$
3) IOTA  20.0 72.3372$
4) Stellar  1111.887 246.5165$
5) Ethereum Classic  1.998 64.7296$
6) Verge  3831.0 642.7882$
7) TRON  4296.0 157.6898$
8) BitShares  498.75 280.3424$
9) Bytecoin  44189.0 276.8839$
10) Dogecoin  19950.0 185.2278$
11) Siacoin  2994.5 88.6468$
12) DigiByte  10732.0 662.1032$
13) Status  999.0 136.6282$
14) ReddCoin  17400.0 229.1423$
15) FunFair  5994.0 334.6804$
16) Time New Bank  1772.0 163.8832$
17) Streamr DATAcoin  2062.8 443.83$
18) Tierion  499.5 74.5724$
19) YOYOW  376.8 113.9334$
20) Po.et  1361.637 39.4478$

 total price 5071.1993$
2017-12-26 15:13:33 INFO  TelegramBot:116 - 1) Ripple  658.50005 734.9058$
2) Cardano  299.5 124.4548$
3) IOTA  20.0 72.5366$
4) Stellar  1111.887 247.4049$
5) Ethereum Classic  1.998 65.0309$
6) TRON  4296.0 157.262$
7) Verge  3831.0 629.7474$
8) BitShares  498.75 278.3833$
9) Bytecoin  44189.0 279.5644$
10) Dogecoin  19950.0 187.054$
11) Siacoin  2994.5 89.157$
12) DigiByte  10732.0 662.1032$
13) Status  999.0 137.6722$
14) ReddCoin  17400.0 229.1423$
15) FunFair  5994.0 333.9126$
16) Time New Bank  1772.0 164.3812$
17) Streamr DATAcoin  2062.8 444.88$
18) Po.et  1361.637 40.4655$
19) YOYOW  376.8 114.3098$
20) Tierion  499.5 74.7467$

 total price 5067.1146$
